#
# There is insufficient memory for the Java Runtime Environment to continue.
# Native memory allocation (malloc) failed to allocate 1593344 bytes. Error detail: Chunk::new
# Possible reasons:
#   The system is out of physical RAM or swap space
#   This process is running with CompressedOops enabled, and the Java Heap may be blocking the growth of the native heap
# Possible solutions:
#   Reduce memory load on the system
#   Increase physical memory or swap space
#   Check if swap backing store is full
#   Decrease Java heap size (-Xmx/-Xms)
#   Decrease number of Java threads
#   Decrease Java thread stack sizes (-Xss)
#   Set larger code cache with -XX:ReservedCodeCacheSize=
#   JVM is running with Unscaled Compressed Oops mode in which the Java heap is
#     placed in the first 4GB address space. The Java Heap base address is the
#     maximum limit for the native heap growth. Please use -XX:HeapBaseMinAddress
#     to set the Java Heap base and to place the Java Heap above 4GB virtual address.
# This output file may be truncated or incomplete.
#
#  Out of Memory Error (arena.cpp:168), pid=22784, tid=1896
#
# JRE version: OpenJDK Runtime Environment Temurin-21.0.10+7 (21.0.10+7) (build 21.0.10+7-LTS)
# Java VM: OpenJDK 64-Bit Server VM Temurin-21.0.10+7 (21.0.10+7-LTS, mixed mode, sharing, tiered, compressed oops, compressed class ptrs, parallel gc, windows-amd64)
# No core dump will be written. Minidumps are not enabled by default on client versions of Windows
#

---------------  S U M M A R Y ------------

Command Line: --add-modules=ALL-SYSTEM --add-opens=java.base/java.util=ALL-UNNAMED --add-opens=java.base/java.lang=ALL-UNNAMED --add-opens=java.base/sun.nio.fs=ALL-UNNAMED -Declipse.application=org.eclipse.jdt.ls.core.id1 -Dosgi.bundles.defaultStartLevel=4 -Declipse.product=org.eclipse.jdt.ls.core.product -Djava.import.generatesMetadataFilesAtProjectRoot=false -DDetectVMInstallationsJob.disabled=true -Dfile.encoding=utf8 -XX:+UseParallelGC -XX:GCTimeRatio=4 -XX:AdaptiveSizePolicyWeight=90 -Dsun.zip.disableMemoryMapping=true -Xmx2G -Xms100m -Xlog:disable -javaagent:c:\Users\vamsi\.vscode\extensions\redhat.java-1.53.0-win32-x64\lombok\lombok-1.18.39-4050.jar -XX:+HeapDumpOnOutOfMemoryError -XX:HeapDumpPath=c:\Users\vamsi\AppData\Roaming\Code\User\workspaceStorage\8d7b0410b4232749a0f288e906df093d\redhat.java -Daether.dependencyCollector.impl=bf c:\Users\vamsi\.vscode\extensions\redhat.java-1.53.0-win32-x64\server\plugins\org.eclipse.equinox.launcher_1.7.100.v20251111-0406.jar -configuration c:\Users\vamsi\AppData\Roaming\Code\User\globalStorage\redhat.java\1.53.0\config_win -data c:\Users\vamsi\AppData\Roaming\Code\User\workspaceStorage\8d7b0410b4232749a0f288e906df093d\redhat.java\jdt_ws --pipe=\\.\pipe\lsp-6af9d2ae55432fead3edb3b25d72c928-sock

Host: 13th Gen Intel(R) Core(TM) i7-1355U, 12 cores, 15G,  Windows 11 , 64 bit Build 26100 (10.0.26100.7920)
Time: Sun Mar 15 14:53:35 2026 India Standard Time elapsed time: 19.811985 seconds (0d 0h 0m 19s)

---------------  T H R E A D  ---------------

Current thread (0x000001c52d5f76a0):  JavaThread "C2 CompilerThread0" daemon [_thread_in_native, id=1896, stack(0x0000009994500000,0x0000009994600000) (1024K)]


Current CompileTask:
C2:19812 9569 %     4       org.eclipse.jdt.internal.core.search.indexing.BinaryIndexer::extractReferenceFromConstantPool @ 15 (358 bytes)

Stack: [0x0000009994500000,0x0000009994600000]
Native frames: (J=compiled Java code, j=interpreted, Vv=VM code, C=native code)
V  [jvm.dll+0x6d7a39]
V  [jvm.dll+0x8b4b26]
V  [jvm.dll+0x8b70de]
V  [jvm.dll+0x8b77c3]
V  [jvm.dll+0x284346]
V  [jvm.dll+0xc66ed]
V  [jvm.dll+0xc6c31]
V  [jvm.dll+0x3bec3b]
V  [jvm.dll+0x38b162]
V  [jvm.dll+0x38a5aa]
V  [jvm.dll+0x24c560]
V  [jvm.dll+0x24bb40]
V  [jvm.dll+0x1cb34e]
V  [jvm.dll+0x25b85d]
V  [jvm.dll+0x259dea]
V  [jvm.dll+0x3f857e]
V  [jvm.dll+0x85f59d]
V  [jvm.dll+0x6d626d]
C  [ucrtbase.dll+0x37b0]
C  [KERNEL32.DLL+0x2e8d7]
C  [ntdll.dll+0x8c48c]


---------------  P R O C E S S  ---------------

Threads class SMR info:
_java_thread_list=0x000001c58f925ed0, length=44, elements={
0x000001c52d53c120, 0x000001c543fede90, 0x000001c52d5dff90, 0x000001c52d5e7650,
0x000001c52d5e8310, 0x000001c52d5ea600, 0x000001c52d5f0a40, 0x000001c52d5f76a0,
0x000001c52d5f54c0, 0x000001c58656d0b0, 0x000001c58656d740, 0x000001c58656e460,
0x000001c58656ddd0, 0x000001c58c0bc8d0, 0x000001c58c0bae90, 0x000001c58c0bbbb0,
0x000001c58c0bc240, 0x000001c58c0bb520, 0x000001c58c0b9450, 0x000001c58c0ba170,
0x000001c58c0ba800, 0x000001c58c0bcf60, 0x000001c58c0b9ae0, 0x000001c58c0bd5f0,
0x000001c58c0bf6c0, 0x000001c58c0bdc80, 0x000001c58c0bfd50, 0x000001c58c0be310,
0x000001c58c0be9a0, 0x000001c58c0c03e0, 0x000001c58c0c0a70, 0x000001c58c0bf030,
0x000001c587a9b270, 0x000001c587a9b900, 0x000001c587a9a550, 0x000001c587a9bf90,
0x000001c587a9d340, 0x000001c587a9abe0, 0x000001c587a9d9d0, 0x000001c587a9faa0,
0x000001c587a9e060, 0x000001c587a9e6f0, 0x000001c58d7cda50, 0x000001c58d7911d0
}

Java Threads: ( => current thread )
  0x000001c52d53c120 JavaThread "main"                              [_thread_blocked, id=18144, stack(0x0000009993b00000,0x0000009993c00000) (1024K)]
  0x000001c543fede90 JavaThread "Reference Handler"          daemon [_thread_blocked, id=19768, stack(0x0000009993f00000,0x0000009994000000) (1024K)]
  0x000001c52d5dff90 JavaThread "Finalizer"                  daemon [_thread_blocked, id=18776, stack(0x0000009994000000,0x0000009994100000) (1024K)]
  0x000001c52d5e7650 JavaThread "Signal Dispatcher"          daemon [_thread_blocked, id=22880, stack(0x0000009994100000,0x0000009994200000) (1024K)]
  0x000001c52d5e8310 JavaThread "Attach Listener"            daemon [_thread_blocked, id=3456, stack(0x0000009994200000,0x0000009994300000) (1024K)]
  0x000001c52d5ea600 JavaThread "Service Thread"             daemon [_thread_blocked, id=21728, stack(0x0000009994300000,0x0000009994400000) (1024K)]
  0x000001c52d5f0a40 JavaThread "Monitor Deflation Thread"   daemon [_thread_blocked, id=14088, stack(0x0000009994400000,0x0000009994500000) (1024K)]
=>0x000001c52d5f76a0 JavaThread "C2 CompilerThread0"         daemon [_thread_in_native, id=1896, stack(0x0000009994500000,0x0000009994600000) (1024K)]
  0x000001c52d5f54c0 JavaThread "C1 CompilerThread0"         daemon [_thread_blocked, id=17248, stack(0x0000009994600000,0x0000009994700000) (1024K)]
  0x000001c58656d0b0 JavaThread "Common-Cleaner"             daemon [_thread_blocked, id=14468, stack(0x0000009994700000,0x0000009994800000) (1024K)]
  0x000001c58656d740 JavaThread "Notification Thread"        daemon [_thread_blocked, id=15728, stack(0x0000009994900000,0x0000009994a00000) (1024K)]
  0x000001c58656e460 JavaThread "Active Thread: Equinox Container: 76234eda-0629-46c5-aae6-1405d46d2b55"        [_thread_blocked, id=9464, stack(0x0000009995100000,0x0000009995200000) (1024K)]
  0x000001c58656ddd0 JavaThread "Refresh Thread: Equinox Container: 76234eda-0629-46c5-aae6-1405d46d2b55" daemon [_thread_blocked, id=22140, stack(0x0000009995300000,0x0000009995400000) (1024K)]
  0x000001c58c0bc8d0 JavaThread "Framework Event Dispatcher: Equinox Container: 76234eda-0629-46c5-aae6-1405d46d2b55" daemon [_thread_blocked, id=9360, stack(0x0000009995400000,0x0000009995500000) (1024K)]
  0x000001c58c0bae90 JavaThread "Start Level: Equinox Container: 76234eda-0629-46c5-aae6-1405d46d2b55" daemon [_thread_blocked, id=19804, stack(0x0000009995500000,0x0000009995600000) (1024K)]
  0x000001c58c0bbbb0 JavaThread "Bundle File Closer"         daemon [_thread_blocked, id=11984, stack(0x0000009995800000,0x0000009995900000) (1024K)]
  0x000001c58c0bc240 JavaThread "SCR Component Actor"        daemon [_thread_blocked, id=16104, stack(0x0000009994800000,0x0000009994900000) (1024K)]
  0x000001c58c0bb520 JavaThread "Worker-JM"                         [_thread_blocked, id=6888, stack(0x0000009995a00000,0x0000009995b00000) (1024K)]
  0x000001c58c0b9450 JavaThread "Worker-0"                          [_thread_blocked, id=1772, stack(0x0000009994a00000,0x0000009994b00000) (1024K)]
  0x000001c58c0ba170 JavaThread "Worker-1"                          [_thread_blocked, id=2944, stack(0x0000009995900000,0x0000009995a00000) (1024K)]
  0x000001c58c0ba800 JavaThread "Worker-2"                          [_thread_blocked, id=17616, stack(0x0000009995c00000,0x0000009995d00000) (1024K)]
  0x000001c58c0bcf60 JavaThread "Java indexing"              daemon [_thread_in_Java, id=1528, stack(0x0000009995d00000,0x0000009995e00000) (1024K)]
  0x000001c58c0b9ae0 JavaThread "Worker-3: Java indexing... "        [_thread_blocked, id=17148, stack(0x0000009995e00000,0x0000009995f00000) (1024K)]
  0x000001c58c0bd5f0 JavaThread "JNA Cleaner"                daemon [_thread_blocked, id=12184, stack(0x0000009996000000,0x0000009996100000) (1024K)]
  0x000001c58c0bf6c0 JavaThread "Worker-4: Initialize Workspace"        [_thread_in_native, id=18220, stack(0x0000009995f00000,0x0000009996000000) (1024K)]
  0x000001c58c0bdc80 JavaThread "Thread-1"                   daemon [_thread_in_native, id=13540, stack(0x0000009996300000,0x0000009996400000) (1024K)]
  0x000001c58c0bfd50 JavaThread "Thread-2"                   daemon [_thread_in_native, id=1864, stack(0x0000009996400000,0x0000009996500000) (1024K)]
  0x000001c58c0be310 JavaThread "Thread-3"                   daemon [_thread_in_native, id=11212, stack(0x0000009996500000,0x0000009996600000) (1024K)]
  0x000001c58c0be9a0 JavaThread "Thread-4"                   daemon [_thread_in_native, id=23488, stack(0x0000009996600000,0x0000009996700000) (1024K)]
  0x000001c58c0c03e0 JavaThread "Thread-5"                   daemon [_thread_in_native, id=3432, stack(0x0000009996700000,0x0000009996800000) (1024K)]
  0x000001c58c0c0a70 JavaThread "Thread-6"                   daemon [_thread_in_native, id=18504, stack(0x0000009996800000,0x0000009996900000) (1024K)]
  0x000001c58c0bf030 JavaThread "Thread-7"                   daemon [_thread_in_native, id=8900, stack(0x0000009996900000,0x0000009996a00000) (1024K)]
  0x000001c587a9b270 JavaThread "Thread-8"                   daemon [_thread_in_native, id=1432, stack(0x0000009996a00000,0x0000009996b00000) (1024K)]
  0x000001c587a9b900 JavaThread "Thread-9"                   daemon [_thread_in_native, id=16628, stack(0x0000009996b00000,0x0000009996c00000) (1024K)]
  0x000001c587a9a550 JavaThread "Thread-10"                  daemon [_thread_in_native, id=13448, stack(0x0000009996c00000,0x0000009996d00000) (1024K)]
  0x000001c587a9bf90 JavaThread "Thread-11"                  daemon [_thread_in_native, id=16312, stack(0x0000009996d00000,0x0000009996e00000) (1024K)]
  0x000001c587a9d340 JavaThread "Thread-12"                  daemon [_thread_in_native, id=10692, stack(0x0000009996e00000,0x0000009996f00000) (1024K)]
  0x000001c587a9abe0 JavaThread "Thread-13"                  daemon [_thread_in_native, id=13192, stack(0x0000009996f00000,0x0000009997000000) (1024K)]
  0x000001c587a9d9d0 JavaThread "Worker-5"                          [_thread_blocked, id=20872, stack(0x0000009997000000,0x0000009997100000) (1024K)]
  0x000001c587a9faa0 JavaThread "pool-2-thread-1"                   [_thread_blocked, id=13116, stack(0x0000009997100000,0x0000009997200000) (1024K)]
  0x000001c587a9e060 JavaThread "WorkspaceEventsHandler"            [_thread_blocked, id=19884, stack(0x0000009997400000,0x0000009997500000) (1024K)]
  0x000001c587a9e6f0 JavaThread "pool-1-thread-1"                   [_thread_blocked, id=23248, stack(0x0000009997500000,0x0000009997600000) (1024K)]
  0x000001c58d7cda50 JavaThread "C2 CompilerThread1"         daemon [_thread_in_native, id=12256, stack(0x0000009995b00000,0x0000009995c00000) (1024K)]
  0x000001c58d7911d0 JavaThread "C2 CompilerThread2"         daemon [_thread_in_native, id=4164, stack(0x0000009997200000,0x0000009997300000) (1024K)]
Total: 44

Other Threads:
  0x000001c52d5dfbe0 VMThread "VM Thread"                           [id=14044, stack(0x0000009993e00000,0x0000009993f00000) (1024K)]
  0x000001c543ecca00 WatcherThread "VM Periodic Task Thread"        [id=14160, stack(0x0000009993d00000,0x0000009993e00000) (1024K)]
  0x000001c52d559ba0 WorkerThread "GC Thread#0"                     [id=13180, stack(0x0000009993c00000,0x0000009993d00000) (1024K)]
  0x000001c58764ab10 WorkerThread "GC Thread#1"                     [id=21460, stack(0x0000009994b00000,0x0000009994c00000) (1024K)]
  0x000001c58764c130 WorkerThread "GC Thread#2"                     [id=7860, stack(0x0000009994c00000,0x0000009994d00000) (1024K)]
  0x000001c58764bd80 WorkerThread "GC Thread#3"                     [id=11608, stack(0x0000009994d00000,0x0000009994e00000) (1024K)]
  0x000001c58764aec0 WorkerThread "GC Thread#4"                     [id=14256, stack(0x0000009994e00000,0x0000009994f00000) (1024K)]
  0x000001c58764a760 WorkerThread "GC Thread#5"                     [id=22612, stack(0x0000009994f00000,0x0000009995000000) (1024K)]
  0x000001c58764b270 WorkerThread "GC Thread#6"                     [id=10348, stack(0x0000009995000000,0x0000009995100000) (1024K)]
  0x000001c587af6c80 WorkerThread "GC Thread#7"                     [id=14780, stack(0x0000009995200000,0x0000009995300000) (1024K)]
  0x000001c587af7790 WorkerThread "GC Thread#8"                     [id=20164, stack(0x0000009995600000,0x0000009995700000) (1024K)]
  0x000001c587af7030 WorkerThread "GC Thread#9"                     [id=4328, stack(0x0000009995700000,0x0000009995800000) (1024K)]
Total: 12

Threads with active compile tasks:
C2 CompilerThread0  19846 9569 %     4       org.eclipse.jdt.internal.core.search.indexing.BinaryIndexer::extractReferenceFromConstantPool @ 15 (358 bytes)
C2 CompilerThread1  19846 9616 % !   4       org.eclipse.jdt.internal.compiler.classfmt.ClassFileReader::<init> @ 81 (1968 bytes)
C2 CompilerThread2  19846 9064       4       org.eclipse.jdt.internal.core.JrtPackageFragmentRoot$1::visitFile (26 bytes)
Total: 3

VM state: not at safepoint (normal execution)

VM Mutex/Monitor currently owned by a thread: None

Heap address: 0x0000000080000000, size: 2048 MB, Compressed Oops mode: 32-bit

CDS archive(s) mapped at: [0x000001c544000000-0x000001c544ba0000-0x000001c544ba0000), size 12189696, SharedBaseAddress: 0x000001c544000000, ArchiveRelocationMode: 1.
Compressed class space mapped at: 0x000001c545000000-0x000001c585000000, reserved size: 1073741824
Narrow klass base: 0x000001c544000000, Narrow klass shift: 0, Narrow klass range: 0x100000000

GC Precious Log:
 CardTable entry size: 512
 CPUs: 12 total, 12 available
 Memory: 16067M
 Large Page Support: Disabled
 NUMA Support: Disabled
 Compressed Oops: Enabled (32-bit)
 Alignments: Space 512K, Generation 512K, Heap 2M
 Heap Min Capacity: 100M
 Heap Initial Capacity: 100M
 Heap Max Capacity: 2G
 Pre-touch: Disabled
 Parallel Workers: 10

Heap:
 PSYoungGen      total 18432K, used 3655K [0x00000000d5580000, 0x00000000d6b00000, 0x0000000100000000)
  eden space 16384K, 10% used [0x00000000d5580000,0x00000000d571be58,0x00000000d6580000)
  from space 2048K, 98% used [0x00000000d6900000,0x00000000d6af6008,0x00000000d6b00000)
  to   space 2560K, 0% used [0x00000000d6600000,0x00000000d6600000,0x00000000d6880000)
 ParOldGen       total 68608K, used 60027K [0x0000000080000000, 0x0000000084300000, 0x00000000d5580000)
  object space 68608K, 87% used [0x0000000080000000,0x0000000083a9ed40,0x0000000084300000)
 Metaspace       used 58319K, committed 59520K, reserved 1114112K
  class space    used 6377K, committed 6912K, reserved 1048576K

Card table byte_map: [0x000001c52cef0000,0x000001c52d300000] _byte_map_base: 0x000001c52caf0000

Marking Bits: (ParMarkBitMap*) 0x00007ffbbd4f3450
 Begin Bits: [0x000001c53f9f0000, 0x000001c5419f0000)
 End Bits:   [0x000001c5419f0000, 0x000001c5439f0000)

Polling page: 0x000001c52b730000

Metaspace:

Usage:
  Non-class:     50.73 MB used.
      Class:      6.23 MB used.
       Both:     56.95 MB used.

Virtual space:
  Non-class space:       64.00 MB reserved,      51.38 MB ( 80%) committed,  1 nodes.
      Class space:        1.00 GB reserved,       6.75 MB ( <1%) committed,  1 nodes.
             Both:        1.06 GB reserved,      58.12 MB (  5%) committed. 

Chunk freelists:
   Non-Class:  12.50 MB
       Class:  9.20 MB
        Both:  21.70 MB

MaxMetaspaceSize: unlimited
CompressedClassSpaceSize: 1.00 GB
Initial GC threshold: 21.00 MB
Current GC threshold: 58.38 MB
CDS: on
 - commit_granule_bytes: 65536.
 - commit_granule_words: 8192.
 - virtual_space_node_default_size: 8388608.
 - enlarge_chunks_in_place: 1.
 - use_allocation_guard: 0.


Internal statistics:

num_allocs_failed_limit: 6.
num_arena_births: 1026.
num_arena_deaths: 36.
num_vsnodes_births: 2.
num_vsnodes_deaths: 0.
num_space_committed: 930.
num_space_uncommitted: 0.
num_chunks_returned_to_freelist: 48.
num_chunks_taken_from_freelist: 3476.
num_chunk_merges: 6.
num_chunk_splits: 2162.
num_chunks_enlarged: 1306.
num_inconsistent_stats: 0.

CodeHeap 'non-profiled nmethods': size=120000Kb used=5538Kb max_used=5538Kb free=114461Kb
 bounds [0x000001c538210000, 0x000001c538780000, 0x000001c53f740000]
CodeHeap 'profiled nmethods': size=120000Kb used=19186Kb max_used=19186Kb free=100814Kb
 bounds [0x000001c530740000, 0x000001c531a00000, 0x000001c537c70000]
CodeHeap 'non-nmethods': size=5760Kb used=1439Kb max_used=1497Kb free=4321Kb
 bounds [0x000001c537c70000, 0x000001c537ee0000, 0x000001c538210000]
CodeCache: size=245760Kb, used=26163Kb, max_used=26221Kb, free=219596Kb
 total_blobs=9821, nmethods=9074, adapters=653, full_count=0
Compilation: enabled, stopped_count=0, restarted_count=0

Compilation events (20 events):
Event: 19.628 Thread 0x000001c52d5f54c0 9653   !   3       java.util.jar.JarFile::getBytes (218 bytes)
Event: 19.630 Thread 0x000001c52d5f54c0 nmethod 9653 0x000001c5319f3410 code [0x000001c5319f3820, 0x000001c5319f4f28]
Event: 19.637 Thread 0x000001c58d7911d0 nmethod 9558 0x000001c538776610 code [0x000001c538776860, 0x000001c538777540]
Event: 19.638 Thread 0x000001c58d7911d0 9568       4       org.eclipse.jdt.core.compiler.CharOperation::concat (46 bytes)
Event: 19.642 Thread 0x000001c58d7911d0 nmethod 9568 0x000001c538777f10 code [0x000001c5387780a0, 0x000001c538778418]
Event: 19.642 Thread 0x000001c58d7911d0 9064       4       org.eclipse.jdt.internal.core.JrtPackageFragmentRoot$1::visitFile (26 bytes)
Event: 19.646 Thread 0x000001c52d5f54c0 9654       3       org.eclipse.core.internal.runtime.PlatformLogWriter::isLoggable (19 bytes)
Event: 19.647 Thread 0x000001c52d5f54c0 nmethod 9654 0x000001c5319f5b90 code [0x000001c5319f5d60, 0x000001c5319f6218]
Event: 19.655 Thread 0x000001c52d5f54c0 9656       3       org.eclipse.osgi.internal.loader.sources.MultiSourcePackage::loadClass (48 bytes)
Event: 19.656 Thread 0x000001c52d5f54c0 nmethod 9656 0x000001c5319f6390 code [0x000001c5319f6560, 0x000001c5319f69a0]
Event: 19.657 Thread 0x000001c52d5f54c0 9657   !   3       org.eclipse.core.runtime.SafeRunner::run (20 bytes)
Event: 19.659 Thread 0x000001c52d5f54c0 nmethod 9657 0x000001c5319f6b90 code [0x000001c5319f6e20, 0x000001c5319f7878]
Event: 19.660 Thread 0x000001c52d5f54c0 9658       3       org.eclipse.core.internal.registry.ExtensionHandle::<init> (7 bytes)
Event: 19.661 Thread 0x000001c52d5f54c0 nmethod 9658 0x000001c5319f7c10 code [0x000001c5319f7dc0, 0x000001c5319f8008]
Event: 19.661 Thread 0x000001c52d5f54c0 9659       3       org.eclipse.core.internal.registry.BaseExtensionHandle::<init> (7 bytes)
Event: 19.661 Thread 0x000001c52d5f54c0 nmethod 9659 0x000001c5319f8110 code [0x000001c5319f82c0, 0x000001c5319f84a8]
Event: 19.662 Thread 0x000001c52d5f54c0 9661       3       org.eclipse.core.internal.registry.BaseExtensionHandle::getConfigurationElements (21 bytes)
Event: 19.663 Thread 0x000001c52d5f54c0 nmethod 9661 0x000001c5319f8590 code [0x000001c5319f8780, 0x000001c5319f8f10]
Event: 19.663 Thread 0x000001c52d5f54c0 9660       1       org.eclipse.core.runtime.spi.RegistryContributor::getName (5 bytes)
Event: 19.663 Thread 0x000001c52d5f54c0 nmethod 9660 0x000001c538778590 code [0x000001c538778720, 0x000001c5387787e8]

GC Heap History (20 events):
Event: 18.599 GC heap before
{Heap before GC invocations=30 (full 2):
 PSYoungGen      total 23552K, used 23533K [0x00000000d5580000, 0x00000000d7300000, 0x0000000100000000)
  eden space 22016K, 100% used [0x00000000d5580000,0x00000000d6b00000,0x00000000d6b00000)
  from space 1536K, 98% used [0x00000000d6b80000,0x00000000d6cfb530,0x00000000d6d00000)
  to   space 4096K, 0% used [0x00000000d6f00000,0x00000000d6f00000,0x00000000d7300000)
 ParOldGen       total 68608K, used 37313K [0x0000000080000000, 0x0000000084300000, 0x00000000d5580000)
  object space 68608K, 54% used [0x0000000080000000,0x0000000082470758,0x0000000084300000)
 Metaspace       used 56571K, committed 57792K, reserved 1114112K
  class space    used 6208K, committed 6720K, reserved 1048576K
}
Event: 18.602 GC heap after
{Heap after GC invocations=30 (full 2):
 PSYoungGen      total 24576K, used 2112K [0x00000000d5580000, 0x00000000d7180000, 0x0000000100000000)
  eden space 22016K, 0% used [0x00000000d5580000,0x00000000d5580000,0x00000000d6b00000)
  from space 2560K, 82% used [0x00000000d6f00000,0x00000000d7110010,0x00000000d7180000)
  to   space 3072K, 0% used [0x00000000d6b80000,0x00000000d6b80000,0x00000000d6e80000)
 ParOldGen       total 68608K, used 38836K [0x0000000080000000, 0x0000000084300000, 0x00000000d5580000)
  object space 68608K, 56% used [0x0000000080000000,0x00000000825ed280,0x0000000084300000)
 Metaspace       used 56571K, committed 57792K, reserved 1114112K
  class space    used 6208K, committed 6720K, reserved 1048576K
}
Event: 18.760 GC heap before
{Heap before GC invocations=31 (full 2):
 PSYoungGen      total 24576K, used 24128K [0x00000000d5580000, 0x00000000d7180000, 0x0000000100000000)
  eden space 22016K, 100% used [0x00000000d5580000,0x00000000d6b00000,0x00000000d6b00000)
  from space 2560K, 82% used [0x00000000d6f00000,0x00000000d7110010,0x00000000d7180000)
  to   space 3072K, 0% used [0x00000000d6b80000,0x00000000d6b80000,0x00000000d6e80000)
 ParOldGen       total 68608K, used 38836K [0x0000000080000000, 0x0000000084300000, 0x00000000d5580000)
  object space 68608K, 56% used [0x0000000080000000,0x00000000825ed280,0x0000000084300000)
 Metaspace       used 57280K, committed 58496K, reserved 1114112K
  class space    used 6295K, committed 6848K, reserved 1048576K
}
Event: 18.764 GC heap after
{Heap after GC invocations=31 (full 2):
 PSYoungGen      total 24576K, used 2433K [0x00000000d5580000, 0x00000000d7000000, 0x0000000100000000)
  eden space 22016K, 0% used [0x00000000d5580000,0x00000000d5580000,0x00000000d6b00000)
  from space 2560K, 95% used [0x00000000d6b80000,0x00000000d6de07d0,0x00000000d6e00000)
  to   space 2048K, 0% used [0x00000000d6e00000,0x00000000d6e00000,0x00000000d7000000)
 ParOldGen       total 68608K, used 40820K [0x0000000080000000, 0x0000000084300000, 0x00000000d5580000)
  object space 68608K, 59% used [0x0000000080000000,0x00000000827dd290,0x0000000084300000)
 Metaspace       used 57280K, committed 58496K, reserved 1114112K
  class space    used 6295K, committed 6848K, reserved 1048576K
}
Event: 18.839 GC heap before
{Heap before GC invocations=32 (full 2):
 PSYoungGen      total 24576K, used 24449K [0x00000000d5580000, 0x00000000d7000000, 0x0000000100000000)
  eden space 22016K, 100% used [0x00000000d5580000,0x00000000d6b00000,0x00000000d6b00000)
  from space 2560K, 95% used [0x00000000d6b80000,0x00000000d6de07d0,0x00000000d6e00000)
  to   space 2048K, 0% used [0x00000000d6e00000,0x00000000d6e00000,0x00000000d7000000)
 ParOldGen       total 68608K, used 40820K [0x0000000080000000, 0x0000000084300000, 0x00000000d5580000)
  object space 68608K, 59% used [0x0000000080000000,0x00000000827dd290,0x0000000084300000)
 Metaspace       used 57491K, committed 58688K, reserved 1114112K
  class space    used 6322K, committed 6848K, reserved 1048576K
}
Event: 18.845 GC heap after
{Heap after GC invocations=32 (full 2):
 PSYoungGen      total 22016K, used 2028K [0x00000000d5580000, 0x00000000d7500000, 0x0000000100000000)
  eden space 19968K, 0% used [0x00000000d5580000,0x00000000d5580000,0x00000000d6900000)
  from space 2048K, 99% used [0x00000000d6e00000,0x00000000d6ffb1e8,0x00000000d7000000)
  to   space 5120K, 0% used [0x00000000d6900000,0x00000000d6900000,0x00000000d6e00000)
 ParOldGen       total 68608K, used 43074K [0x0000000080000000, 0x0000000084300000, 0x00000000d5580000)
  object space 68608K, 62% used [0x0000000080000000,0x0000000082a10bd0,0x0000000084300000)
 Metaspace       used 57491K, committed 58688K, reserved 1114112K
  class space    used 6322K, committed 6848K, reserved 1048576K
}
Event: 18.910 GC heap before
{Heap before GC invocations=33 (full 2):
 PSYoungGen      total 22016K, used 21996K [0x00000000d5580000, 0x00000000d7500000, 0x0000000100000000)
  eden space 19968K, 100% used [0x00000000d5580000,0x00000000d6900000,0x00000000d6900000)
  from space 2048K, 99% used [0x00000000d6e00000,0x00000000d6ffb1e8,0x00000000d7000000)
  to   space 5120K, 0% used [0x00000000d6900000,0x00000000d6900000,0x00000000d6e00000)
 ParOldGen       total 68608K, used 43074K [0x0000000080000000, 0x0000000084300000, 0x00000000d5580000)
  object space 68608K, 62% used [0x0000000080000000,0x0000000082a10bd0,0x0000000084300000)
 Metaspace       used 57530K, committed 58880K, reserved 1114112K
  class space    used 6325K, committed 6912K, reserved 1048576K
}
Event: 18.914 GC heap after
{Heap after GC invocations=33 (full 2):
 PSYoungGen      total 22528K, used 2105K [0x00000000d5580000, 0x00000000d6f00000, 0x0000000100000000)
  eden space 19968K, 0% used [0x00000000d5580000,0x00000000d5580000,0x00000000d6900000)
  from space 2560K, 82% used [0x00000000d6900000,0x00000000d6b0e478,0x00000000d6b80000)
  to   space 3072K, 0% used [0x00000000d6c00000,0x00000000d6c00000,0x00000000d6f00000)
 ParOldGen       total 68608K, used 45098K [0x0000000080000000, 0x0000000084300000, 0x00000000d5580000)
  object space 68608K, 65% used [0x0000000080000000,0x0000000082c0ab18,0x0000000084300000)
 Metaspace       used 57530K, committed 58880K, reserved 1114112K
  class space    used 6325K, committed 6912K, reserved 1048576K
}
Event: 18.960 GC heap before
{Heap before GC invocations=34 (full 2):
 PSYoungGen      total 22528K, used 22073K [0x00000000d5580000, 0x00000000d6f00000, 0x0000000100000000)
  eden space 19968K, 100% used [0x00000000d5580000,0x00000000d6900000,0x00000000d6900000)
  from space 2560K, 82% used [0x00000000d6900000,0x00000000d6b0e478,0x00000000d6b80000)
  to   space 3072K, 0% used [0x00000000d6c00000,0x00000000d6c00000,0x00000000d6f00000)
 ParOldGen       total 68608K, used 45098K [0x0000000080000000, 0x0000000084300000, 0x00000000d5580000)
  object space 68608K, 65% used [0x0000000080000000,0x0000000082c0ab18,0x0000000084300000)
 Metaspace       used 57576K, committed 58944K, reserved 1114112K
  class space    used 6329K, committed 6912K, reserved 1048576K
}
Event: 18.964 GC heap after
{Heap after GC invocations=34 (full 2):
 PSYoungGen      total 22016K, used 1984K [0x00000000d5580000, 0x00000000d6e00000, 0x0000000100000000)
  eden space 19968K, 0% used [0x00000000d5580000,0x00000000d5580000,0x00000000d6900000)
  from space 2048K, 96% used [0x00000000d6c00000,0x00000000d6df0000,0x00000000d6e00000)
  to   space 2560K, 0% used [0x00000000d6900000,0x00000000d6900000,0x00000000d6b80000)
 ParOldGen       total 68608K, used 47045K [0x0000000080000000, 0x0000000084300000, 0x00000000d5580000)
  object space 68608K, 68% used [0x0000000080000000,0x0000000082df1538,0x0000000084300000)
 Metaspace       used 57576K, committed 58944K, reserved 1114112K
  class space    used 6329K, committed 6912K, reserved 1048576K
}
Event: 19.035 GC heap before
{Heap before GC invocations=35 (full 2):
 PSYoungGen      total 22016K, used 21951K [0x00000000d5580000, 0x00000000d6e00000, 0x0000000100000000)
  eden space 19968K, 99% used [0x00000000d5580000,0x00000000d68ffff0,0x00000000d6900000)
  from space 2048K, 96% used [0x00000000d6c00000,0x00000000d6df0000,0x00000000d6e00000)
  to   space 2560K, 0% used [0x00000000d6900000,0x00000000d6900000,0x00000000d6b80000)
 ParOldGen       total 68608K, used 47045K [0x0000000080000000, 0x0000000084300000, 0x00000000d5580000)
  object space 68608K, 68% used [0x0000000080000000,0x0000000082df1538,0x0000000084300000)
 Metaspace       used 57623K, committed 58944K, reserved 1114112K
  class space    used 6329K, committed 6912K, reserved 1048576K
}
Event: 19.039 GC heap after
{Heap after GC invocations=35 (full 2):
 PSYoungGen      total 22528K, used 2203K [0x00000000d5580000, 0x00000000d6e00000, 0x0000000100000000)
  eden space 19968K, 0% used [0x00000000d5580000,0x00000000d5580000,0x00000000d6900000)
  from space 2560K, 86% used [0x00000000d6900000,0x00000000d6b26c18,0x00000000d6b80000)
  to   space 2560K, 0% used [0x00000000d6b80000,0x00000000d6b80000,0x00000000d6e00000)
 ParOldGen       total 68608K, used 48844K [0x0000000080000000, 0x0000000084300000, 0x00000000d5580000)
  object space 68608K, 71% used [0x0000000080000000,0x0000000082fb30b8,0x0000000084300000)
 Metaspace       used 57623K, committed 58944K, reserved 1114112K
  class space    used 6329K, committed 6912K, reserved 1048576K
}
Event: 19.115 GC heap before
{Heap before GC invocations=36 (full 2):
 PSYoungGen      total 22528K, used 22171K [0x00000000d5580000, 0x00000000d6e00000, 0x0000000100000000)
  eden space 19968K, 100% used [0x00000000d5580000,0x00000000d6900000,0x00000000d6900000)
  from space 2560K, 86% used [0x00000000d6900000,0x00000000d6b26c18,0x00000000d6b80000)
  to   space 2560K, 0% used [0x00000000d6b80000,0x00000000d6b80000,0x00000000d6e00000)
 ParOldGen       total 68608K, used 48844K [0x0000000080000000, 0x0000000084300000, 0x00000000d5580000)
  object space 68608K, 71% used [0x0000000080000000,0x0000000082fb30b8,0x0000000084300000)
 Metaspace       used 57699K, committed 59008K, reserved 1114112K
  class space    used 6330K, committed 6912K, reserved 1048576K
}
Event: 19.118 GC heap after
{Heap after GC invocations=36 (full 2):
 PSYoungGen      total 22528K, used 2057K [0x00000000d5580000, 0x00000000d6e00000, 0x0000000100000000)
  eden space 19968K, 0% used [0x00000000d5580000,0x00000000d5580000,0x00000000d6900000)
  from space 2560K, 80% used [0x00000000d6b80000,0x00000000d6d82400,0x00000000d6e00000)
  to   space 2560K, 0% used [0x00000000d6900000,0x00000000d6900000,0x00000000d6b80000)
 ParOldGen       total 68608K, used 50889K [0x0000000080000000, 0x0000000084300000, 0x00000000d5580000)
  object space 68608K, 74% used [0x0000000080000000,0x00000000831b25c8,0x0000000084300000)
 Metaspace       used 57699K, committed 59008K, reserved 1114112K
  class space    used 6330K, committed 6912K, reserved 1048576K
}
Event: 19.287 GC heap before
{Heap before GC invocations=37 (full 2):
 PSYoungGen      total 22528K, used 22025K [0x00000000d5580000, 0x00000000d6e00000, 0x0000000100000000)
  eden space 19968K, 100% used [0x00000000d5580000,0x00000000d6900000,0x00000000d6900000)
  from space 2560K, 80% used [0x00000000d6b80000,0x00000000d6d82400,0x00000000d6e00000)
  to   space 2560K, 0% used [0x00000000d6900000,0x00000000d6900000,0x00000000d6b80000)
 ParOldGen       total 68608K, used 50889K [0x0000000080000000, 0x0000000084300000, 0x00000000d5580000)
  object space 68608K, 74% used [0x0000000080000000,0x00000000831b25c8,0x0000000084300000)
 Metaspace       used 58003K, committed 59328K, reserved 1114112K
  class space    used 6358K, committed 6912K, reserved 1048576K
}
Event: 19.290 GC heap after
{Heap after GC invocations=37 (full 2):
 PSYoungGen      total 22016K, used 1880K [0x00000000d5580000, 0x00000000d6d00000, 0x0000000100000000)
  eden space 19968K, 0% used [0x00000000d5580000,0x00000000d5580000,0x00000000d6900000)
  from space 2048K, 91% used [0x00000000d6900000,0x00000000d6ad63b8,0x00000000d6b00000)
  to   space 2048K, 0% used [0x00000000d6b00000,0x00000000d6b00000,0x00000000d6d00000)
 ParOldGen       total 68608K, used 52792K [0x0000000080000000, 0x0000000084300000, 0x00000000d5580000)
  object space 68608K, 76% used [0x0000000080000000,0x000000008338e348,0x0000000084300000)
 Metaspace       used 58003K, committed 59328K, reserved 1114112K
  class space    used 6358K, committed 6912K, reserved 1048576K
}
Event: 19.461 GC heap before
{Heap before GC invocations=38 (full 2):
 PSYoungGen      total 22016K, used 21848K [0x00000000d5580000, 0x00000000d6d00000, 0x0000000100000000)
  eden space 19968K, 100% used [0x00000000d5580000,0x00000000d6900000,0x00000000d6900000)
  from space 2048K, 91% used [0x00000000d6900000,0x00000000d6ad63b8,0x00000000d6b00000)
  to   space 2048K, 0% used [0x00000000d6b00000,0x00000000d6b00000,0x00000000d6d00000)
 ParOldGen       total 68608K, used 52792K [0x0000000080000000, 0x0000000084300000, 0x00000000d5580000)
  object space 68608K, 76% used [0x0000000080000000,0x000000008338e348,0x0000000084300000)
 Metaspace       used 58085K, committed 59392K, reserved 1114112K
  class space    used 6362K, committed 6912K, reserved 1048576K
}
Event: 19.465 GC heap after
{Heap after GC invocations=38 (full 2):
 PSYoungGen      total 18432K, used 2034K [0x00000000d5580000, 0x00000000d7400000, 0x0000000100000000)
  eden space 16384K, 0% used [0x00000000d5580000,0x00000000d5580000,0x00000000d6580000)
  from space 2048K, 99% used [0x00000000d6b00000,0x00000000d6cfcbf0,0x00000000d6d00000)
  to   space 5632K, 0% used [0x00000000d6580000,0x00000000d6580000,0x00000000d6b00000)
 ParOldGen       total 68608K, used 55530K [0x0000000080000000, 0x0000000084300000, 0x00000000d5580000)
  object space 68608K, 80% used [0x0000000080000000,0x000000008363a818,0x0000000084300000)
 Metaspace       used 58085K, committed 59392K, reserved 1114112K
  class space    used 6362K, committed 6912K, reserved 1048576K
}
Event: 19.552 GC heap before
{Heap before GC invocations=39 (full 2):
 PSYoungGen      total 18432K, used 18385K [0x00000000d5580000, 0x00000000d7400000, 0x0000000100000000)
  eden space 16384K, 99% used [0x00000000d5580000,0x00000000d6577a30,0x00000000d6580000)
  from space 2048K, 99% used [0x00000000d6b00000,0x00000000d6cfcbf0,0x00000000d6d00000)
  to   space 5632K, 0% used [0x00000000d6580000,0x00000000d6580000,0x00000000d6b00000)
 ParOldGen       total 68608K, used 55530K [0x0000000080000000, 0x0000000084300000, 0x00000000d5580000)
  object space 68608K, 80% used [0x0000000080000000,0x000000008363a818,0x0000000084300000)
 Metaspace       used 58103K, committed 59392K, reserved 1114112K
  class space    used 6362K, committed 6912K, reserved 1048576K
}
Event: 19.555 GC heap after
{Heap after GC invocations=39 (full 2):
 PSYoungGen      total 19456K, used 2793K [0x00000000d5580000, 0x00000000d6c80000, 0x0000000100000000)
  eden space 16384K, 0% used [0x00000000d5580000,0x00000000d5580000,0x00000000d6580000)
  from space 3072K, 90% used [0x00000000d6580000,0x00000000d683a420,0x00000000d6880000)
  to   space 3584K, 0% used [0x00000000d6900000,0x00000000d6900000,0x00000000d6c80000)
 ParOldGen       total 68608K, used 57409K [0x0000000080000000, 0x0000000084300000, 0x00000000d5580000)
  object space 68608K, 83% used [0x0000000080000000,0x00000000838106d0,0x0000000084300000)
 Metaspace       used 58103K, committed 59392K, reserved 1114112K
  class space    used 6362K, committed 6912K, reserved 1048576K
}

Dll operation events (14 events):
Event: 0.010 Loaded shared library c:\Users\vamsi\.vscode\extensions\redhat.java-1.53.0-win32-x64\jre\21.0.10-win32-x86_64\bin\java.dll
Event: 0.066 Loaded shared library c:\Users\vamsi\.vscode\extensions\redhat.java-1.53.0-win32-x64\jre\21.0.10-win32-x86_64\bin\zip.dll
Event: 0.191 Loaded shared library C:\Users\vamsi\.vscode\extensions\redhat.java-1.53.0-win32-x64\jre\21.0.10-win32-x86_64\bin\instrument.dll
Event: 0.206 Loaded shared library C:\Users\vamsi\.vscode\extensions\redhat.java-1.53.0-win32-x64\jre\21.0.10-win32-x86_64\bin\net.dll
Event: 0.210 Loaded shared library C:\Users\vamsi\.vscode\extensions\redhat.java-1.53.0-win32-x64\jre\21.0.10-win32-x86_64\bin\nio.dll
Event: 0.214 Loaded shared library C:\Users\vamsi\.vscode\extensions\redhat.java-1.53.0-win32-x64\jre\21.0.10-win32-x86_64\bin\zip.dll
Event: 0.242 Loaded shared library C:\Users\vamsi\.vscode\extensions\redhat.java-1.53.0-win32-x64\jre\21.0.10-win32-x86_64\bin\jimage.dll
Event: 0.358 Loaded shared library c:\Users\vamsi\.vscode\extensions\redhat.java-1.53.0-win32-x64\jre\21.0.10-win32-x86_64\bin\verify.dll
Event: 2.014 Loaded shared library C:\Users\vamsi\AppData\Roaming\Code\User\globalStorage\redhat.java\1.53.0\config_win\org.eclipse.equinox.launcher\org.eclipse.equinox.launcher.win32.win32.x86_64_1.3.0.v20260203-2149\eclipse_11919.dll
Event: 4.354 Loaded shared library C:\Users\vamsi\.vscode\extensions\redhat.java-1.53.0-win32-x64\jre\21.0.10-win32-x86_64\bin\management.dll
Event: 4.358 Loaded shared library C:\Users\vamsi\.vscode\extensions\redhat.java-1.53.0-win32-x64\jre\21.0.10-win32-x86_64\bin\management_ext.dll
Event: 7.523 Loaded shared library C:\Users\vamsi\AppData\Local\Temp\jna-111973624\jna14905603798131311934.dll
Event: 8.551 Loaded shared library C:\Users\vamsi\.vscode\extensions\redhat.java-1.53.0-win32-x64\jre\21.0.10-win32-x86_64\bin\sunmscapi.dll
Event: 8.791 Loaded shared library C:\Users\vamsi\.vscode\extensions\redhat.java-1.53.0-win32-x64\jre\21.0.10-win32-x86_64\bin\extnet.dll

Deoptimization events (20 events):
Event: 19.444 Thread 0x000001c58c0bcf60 DEOPT PACKING pc=0x000001c53095effb sp=0x0000009995dfe0e0
Event: 19.444 Thread 0x000001c58c0bcf60 DEOPT UNPACKING pc=0x000001c537cc4242 sp=0x0000009995dfd618 mode 0
Event: 19.446 Thread 0x000001c58c0bcf60 Uncommon trap: trap_request=0xffffff6e fr.pc=0x000001c5387606b8 relative=0x0000000000000378
Event: 19.446 Thread 0x000001c58c0bcf60 Uncommon trap: reason=loop_limit_check action=maybe_recompile pc=0x000001c5387606b8 method=org.eclipse.jdt.core.compiler.CharOperation.concatWithAll([[CC)[C @ 99 c2
Event: 19.446 Thread 0x000001c58c0bcf60 DEOPT PACKING pc=0x000001c5387606b8 sp=0x0000009995dfe380
Event: 19.446 Thread 0x000001c58c0bcf60 DEOPT UNPACKING pc=0x000001c537cc3aa2 sp=0x0000009995dfe330 mode 2
Event: 19.465 Thread 0x000001c58c0bf6c0 Uncommon trap: trap_request=0xffffffde fr.pc=0x000001c538562b60 relative=0x0000000000000760
Event: 19.465 Thread 0x000001c58c0bf6c0 Uncommon trap: reason=class_check action=maybe_recompile pc=0x000001c538562b60 method=java.util.concurrent.ConcurrentHashMap.replaceNode(Ljava/lang/Object;Ljava/lang/Object;Ljava/lang/Object;)Ljava/lang/Object; @ 178 c2
Event: 19.465 Thread 0x000001c58c0bf6c0 DEOPT PACKING pc=0x000001c538562b60 sp=0x0000009995ffdd30
Event: 19.465 Thread 0x000001c58c0bf6c0 DEOPT UNPACKING pc=0x000001c537cc3aa2 sp=0x0000009995ffdca8 mode 2
Event: 19.471 Thread 0x000001c58c0bf6c0 DEOPT PACKING pc=0x000001c53095effb sp=0x0000009995ffdee0
Event: 19.471 Thread 0x000001c58c0bf6c0 DEOPT UNPACKING pc=0x000001c537cc4242 sp=0x0000009995ffd418 mode 0
Event: 19.484 Thread 0x000001c58c0bcf60 DEOPT PACKING pc=0x000001c53095effb sp=0x0000009995dfe0e0
Event: 19.484 Thread 0x000001c58c0bcf60 DEOPT UNPACKING pc=0x000001c537cc4242 sp=0x0000009995dfd618 mode 0
Event: 19.504 Thread 0x000001c58c0bf6c0 DEOPT PACKING pc=0x000001c53095effb sp=0x0000009995ffdd90
Event: 19.504 Thread 0x000001c58c0bf6c0 DEOPT UNPACKING pc=0x000001c537cc4242 sp=0x0000009995ffd2c8 mode 0
Event: 19.606 Thread 0x000001c58c0bf6c0 DEOPT PACKING pc=0x000001c530da957b sp=0x0000009995ffe280
Event: 19.606 Thread 0x000001c58c0bf6c0 DEOPT UNPACKING pc=0x000001c537cc4242 sp=0x0000009995ffd6f0 mode 0
Event: 19.620 Thread 0x000001c58c0bf6c0 DEOPT PACKING pc=0x000001c530da959c sp=0x0000009995ffe280
Event: 19.620 Thread 0x000001c58c0bf6c0 DEOPT UNPACKING pc=0x000001c537cc4242 sp=0x0000009995ffd6f0 mode 0

Classes loaded (20 events):
Event: 18.341 Loading class sun/nio/ch/Util$4
Event: 18.342 Loading class sun/nio/ch/Util$4 done
Event: 18.351 Loading class java/io/UTFDataFormatException
Event: 18.351 Loading class java/io/UTFDataFormatException done
Event: 18.353 Loading class java/nio/file/ClosedDirectoryStreamException
Event: 18.353 Loading class java/nio/file/ClosedDirectoryStreamException done
Event: 18.353 Loading class jdk/internal/jrtfs/JrtFileSystem
Event: 18.353 Loading class jdk/internal/jrtfs/JrtFileSystem done
Event: 18.354 Loading class jdk/internal/jrtfs/JrtPath
Event: 18.354 Loading class jdk/internal/jrtfs/JrtPath done
Event: 18.354 Loading class jdk/internal/jimage/ImageReader$Node
Event: 18.354 Loading class jdk/internal/jimage/ImageReader$Node done
Event: 18.363 Loading class java/nio/ByteBufferAsIntBufferL
Event: 18.363 Loading class java/nio/ByteBufferAsIntBufferL done
Event: 18.366 Loading class jdk/internal/jimage/ImageReader$Directory
Event: 18.367 Loading class jdk/internal/jimage/ImageReader$Directory done
Event: 18.651 Loading class java/nio/channels/Channels$ReadableByteChannelImpl
Event: 18.652 Loading class java/nio/channels/Channels$ReadableByteChannelImpl done
Event: 18.658 Loading class java/nio/channels/NonWritableChannelException
Event: 18.658 Loading class java/nio/channels/NonWritableChannelException done

Classes unloaded (18 events):
Event: 6.062 Thread 0x000001c52d5dfbe0 Unloading class 0x000001c5451a5000 'java/lang/invoke/LambdaForm$MH+0x000001c5451a5000'
Event: 6.062 Thread 0x000001c52d5dfbe0 Unloading class 0x000001c5451a4c00 'java/lang/invoke/LambdaForm$MH+0x000001c5451a4c00'
Event: 6.062 Thread 0x000001c52d5dfbe0 Unloading class 0x000001c5451a4800 'java/lang/invoke/LambdaForm$MH+0x000001c5451a4800'
Event: 6.062 Thread 0x000001c52d5dfbe0 Unloading class 0x000001c5451a4400 'java/lang/invoke/LambdaForm$MH+0x000001c5451a4400'
Event: 6.062 Thread 0x000001c52d5dfbe0 Unloading class 0x000001c5451a4000 'java/lang/invoke/LambdaForm$BMH+0x000001c5451a4000'
Event: 6.062 Thread 0x000001c52d5dfbe0 Unloading class 0x000001c5451a3c00 'java/lang/invoke/LambdaForm$DMH+0x000001c5451a3c00'
Event: 6.062 Thread 0x000001c52d5dfbe0 Unloading class 0x000001c5451a2800 'java/lang/invoke/LambdaForm$DMH+0x000001c5451a2800'
Event: 8.428 Thread 0x000001c52d5dfbe0 Unloading class 0x000001c545307400 'java/lang/invoke/LambdaForm$MH+0x000001c545307400'
Event: 8.428 Thread 0x000001c52d5dfbe0 Unloading class 0x000001c545306800 'java/lang/invoke/LambdaForm$MH+0x000001c545306800'
Event: 8.428 Thread 0x000001c52d5dfbe0 Unloading class 0x000001c545306000 'java/lang/invoke/LambdaForm$MH+0x000001c545306000'
Event: 8.428 Thread 0x000001c52d5dfbe0 Unloading class 0x000001c545305800 'java/lang/invoke/LambdaForm$DMH+0x000001c545305800'
Event: 8.428 Thread 0x000001c52d5dfbe0 Unloading class 0x000001c5452ff800 'java/lang/invoke/LambdaForm$MH+0x000001c5452ff800'
Event: 8.428 Thread 0x000001c52d5dfbe0 Unloading class 0x000001c5452fec00 'java/lang/invoke/LambdaForm$MH+0x000001c5452fec00'
Event: 8.428 Thread 0x000001c52d5dfbe0 Unloading class 0x000001c5452fe400 'java/lang/invoke/LambdaForm$MH+0x000001c5452fe400'
Event: 8.428 Thread 0x000001c52d5dfbe0 Unloading class 0x000001c5452fdc00 'java/lang/invoke/LambdaForm$MH+0x000001c5452fdc00'
Event: 8.428 Thread 0x000001c52d5dfbe0 Unloading class 0x000001c5452fd400 'java/lang/invoke/LambdaForm$MH+0x000001c5452fd400'
Event: 8.428 Thread 0x000001c52d5dfbe0 Unloading class 0x000001c5452fcc00 'java/lang/invoke/LambdaForm$MH+0x000001c5452fcc00'
Event: 8.428 Thread 0x000001c52d5dfbe0 Unloading class 0x000001c5452fc800 'java/lang/invoke/LambdaForm$MH+0x000001c5452fc800'

Classes redefined (0 events):
No events

Internal exceptions (20 events):
Event: 18.251 Thread 0x000001c58c0bf6c0 Exception <a 'sun/nio/fs/WindowsException'{0x00000000d60a86c8}> (0x00000000d60a86c8) 
thrown [s\src\hotspot\share\prims\jni.cpp, line 520]
Event: 18.256 Thread 0x000001c58c0bf6c0 Exception <a 'sun/nio/fs/WindowsException'{0x00000000d60e7478}> (0x00000000d60e7478) 
thrown [s\src\hotspot\share\prims\jni.cpp, line 520]
Event: 18.256 Thread 0x000001c58c0bf6c0 Exception <a 'sun/nio/fs/WindowsException'{0x00000000d60e7f80}> (0x00000000d60e7f80) 
thrown [s\src\hotspot\share\prims\jni.cpp, line 520]
Event: 18.259 Thread 0x000001c58c0bf6c0 Exception <a 'sun/nio/fs/WindowsException'{0x00000000d60ef150}> (0x00000000d60ef150) 
thrown [s\src\hotspot\share\prims\jni.cpp, line 520]
Event: 18.259 Thread 0x000001c58c0bf6c0 Exception <a 'sun/nio/fs/WindowsException'{0x00000000d60efc58}> (0x00000000d60efc58) 
thrown [s\src\hotspot\share\prims\jni.cpp, line 520]
Event: 18.277 Thread 0x000001c58c0bf6c0 Exception <a 'sun/nio/fs/WindowsException'{0x00000000d611f180}> (0x00000000d611f180) 
thrown [s\src\hotspot\share\prims\jni.cpp, line 520]
Event: 18.277 Thread 0x000001c58c0bf6c0 Exception <a 'sun/nio/fs/WindowsException'{0x00000000d611fc88}> (0x00000000d611fc88) 
thrown [s\src\hotspot\share\prims\jni.cpp, line 520]
Event: 18.294 Thread 0x000001c58c0bf6c0 Exception <a 'sun/nio/fs/WindowsException'{0x00000000d61a3f80}> (0x00000000d61a3f80) 
thrown [s\src\hotspot\share\prims\jni.cpp, line 520]
Event: 18.294 Thread 0x000001c58c0bf6c0 Exception <a 'sun/nio/fs/WindowsException'{0x00000000d61a4a88}> (0x00000000d61a4a88) 
thrown [s\src\hotspot\share\prims\jni.cpp, line 520]
Event: 18.344 Thread 0x000001c58c0bf6c0 Exception <a 'java/lang/NoSuchMethodError'{0x00000000d639aab0}: 'java.lang.Object java.lang.invoke.DelegatingMethodHandle$Holder.reinvoke_L(java.lang.Object, int, long, java.lang.Object, java.lang.Object, int, java.lang.Object)'> (0x00000000d639aab0) 
thrown [s\src\hotspot\share\interpreter\linkResolver.cpp, line 773]
Event: 19.363 Thread 0x000001c58c0bcf60 Implicit null exception at 0x000001c5387288e9 to 0x000001c538728abc
Event: 19.537 Thread 0x000001c58c0bf6c0 Exception <a 'sun/nio/fs/WindowsException'{0x00000000d6234bd0}> (0x00000000d6234bd0) 
thrown [s\src\hotspot\share\prims\jni.cpp, line 520]
Event: 19.537 Thread 0x000001c58c0bf6c0 Exception <a 'sun/nio/fs/WindowsException'{0x00000000d62356d8}> (0x00000000d62356d8) 
thrown [s\src\hotspot\share\prims\jni.cpp, line 520]
Event: 19.538 Thread 0x000001c58c0bf6c0 Exception <a 'sun/nio/fs/WindowsException'{0x00000000d623c980}> (0x00000000d623c980) 
thrown [s\src\hotspot\share\prims\jni.cpp, line 520]
Event: 19.538 Thread 0x000001c58c0bf6c0 Exception <a 'sun/nio/fs/WindowsException'{0x00000000d623d488}> (0x00000000d623d488) 
thrown [s\src\hotspot\share\prims\jni.cpp, line 520]
Event: 19.547 Thread 0x000001c58c0bf6c0 Exception <a 'sun/nio/fs/WindowsException'{0x00000000d63596e8}> (0x00000000d63596e8) 
thrown [s\src\hotspot\share\prims\jni.cpp, line 520]
Event: 19.547 Thread 0x000001c58c0bf6c0 Exception <a 'sun/nio/fs/WindowsException'{0x00000000d635a1f0}> (0x00000000d635a1f0) 
thrown [s\src\hotspot\share\prims\jni.cpp, line 520]
Event: 19.658 Thread 0x000001c58c0bf6c0 Exception <a 'java/io/FileNotFoundException'{0x00000000d5fc9050}> (0x00000000d5fc9050) 
thrown [s\src\hotspot\share\prims\jni.cpp, line 520]
Event: 19.659 Thread 0x000001c58c0bf6c0 Exception <a 'java/io/FileNotFoundException'{0x00000000d5fca318}> (0x00000000d5fca318) 
thrown [s\src\hotspot\share\prims\jni.cpp, line 520]
Event: 19.660 Thread 0x000001c58c0bf6c0 Exception <a 'java/io/FileNotFoundException'{0x00000000d5fcb330}> (0x00000000d5fcb330) 
thrown [s\src\hotspot\share\prims\jni.cpp, line 520]

ZGC Phase Switch (0 events):
No events

VM Operations (20 events):
Event: 18.654 Executing non-safepoint VM operation: HandshakeAllThreads (Deoptimize)
Event: 18.654 Executing non-safepoint VM operation: HandshakeAllThreads (Deoptimize) done
Event: 18.759 Executing safepoint VM operation: ParallelGCFailedAllocation (Allocation Failure)
Event: 18.764 Executing safepoint VM operation: ParallelGCFailedAllocation (Allocation Failure) done
Event: 18.839 Executing safepoint VM operation: ParallelGCFailedAllocation (Allocation Failure)
Event: 18.845 Executing safepoint VM operation: ParallelGCFailedAllocation (Allocation Failure) done
Event: 18.910 Executing safepoint VM operation: ParallelGCFailedAllocation (Allocation Failure)
Event: 18.914 Executing safepoint VM operation: ParallelGCFailedAllocation (Allocation Failure) done
Event: 18.960 Executing safepoint VM operation: ParallelGCFailedAllocation (Allocation Failure)
Event: 18.964 Executing safepoint VM operation: ParallelGCFailedAllocation (Allocation Failure) done
Event: 19.034 Executing safepoint VM operation: ParallelGCFailedAllocation (Allocation Failure)
Event: 19.039 Executing safepoint VM operation: ParallelGCFailedAllocation (Allocation Failure) done
Event: 19.110 Executing safepoint VM operation: ParallelGCFailedAllocation (Allocation Failure)
Event: 19.119 Executing safepoint VM operation: ParallelGCFailedAllocation (Allocation Failure) done
Event: 19.287 Executing safepoint VM operation: ParallelGCFailedAllocation (Allocation Failure)
Event: 19.291 Executing safepoint VM operation: ParallelGCFailedAllocation (Allocation Failure) done
Event: 19.461 Executing safepoint VM operation: ParallelGCFailedAllocation (Allocation Failure)
Event: 19.465 Executing safepoint VM operation: ParallelGCFailedAllocation (Allocation Failure) done
Event: 19.552 Executing safepoint VM operation: ParallelGCFailedAllocation (Allocation Failure)
Event: 19.555 Executing safepoint VM operation: ParallelGCFailedAllocation (Allocation Failure) done

Memory protections (0 events):
No events

Nmethod flushes (20 events):
Event: 8.438 Thread 0x000001c52d5dfbe0 flushing  nmethod 0x000001c530cfc410
Event: 8.438 Thread 0x000001c52d5dfbe0 flushing  nmethod 0x000001c530cfc810
Event: 8.438 Thread 0x000001c52d5dfbe0 flushing  nmethod 0x000001c530cfd110
Event: 8.438 Thread 0x000001c52d5dfbe0 flushing  nmethod 0x000001c530cfe310
Event: 8.438 Thread 0x000001c52d5dfbe0 flushing  nmethod 0x000001c530cff010
Event: 8.438 Thread 0x000001c52d5dfbe0 flushing  nmethod 0x000001c530cff790
Event: 8.438 Thread 0x000001c52d5dfbe0 flushing  nmethod 0x000001c530d00d10
Event: 8.438 Thread 0x000001c52d5dfbe0 flushing  nmethod 0x000001c530d01210
Event: 8.438 Thread 0x000001c52d5dfbe0 flushing  nmethod 0x000001c530d03210
Event: 8.438 Thread 0x000001c52d5dfbe0 flushing  nmethod 0x000001c530d03690
Event: 8.438 Thread 0x000001c52d5dfbe0 flushing  nmethod 0x000001c530d04a10
Event: 8.438 Thread 0x000001c52d5dfbe0 flushing  nmethod 0x000001c530d05490
Event: 8.438 Thread 0x000001c52d5dfbe0 flushing  nmethod 0x000001c530d07190
Event: 8.438 Thread 0x000001c52d5dfbe0 flushing  nmethod 0x000001c530d07990
Event: 8.438 Thread 0x000001c52d5dfbe0 flushing  nmethod 0x000001c530d3a090
Event: 8.438 Thread 0x000001c52d5dfbe0 flushing  nmethod 0x000001c530d40a90
Event: 8.438 Thread 0x000001c52d5dfbe0 flushing  nmethod 0x000001c530d94b90
Event: 8.438 Thread 0x000001c52d5dfbe0 flushing  nmethod 0x000001c530dc1190
Event: 8.438 Thread 0x000001c52d5dfbe0 flushing  nmethod 0x000001c530e0a190
Event: 8.438 Thread 0x000001c52d5dfbe0 flushing  nmethod 0x000001c530e0aa10

Events (20 events):
Event: 16.361 Thread 0x000001c587a9f410 Thread exited: 0x000001c587a9f410
Event: 16.361 Thread 0x000001c587a9c620 Thread exited: 0x000001c587a9c620
Event: 16.361 Thread 0x000001c587aa0130 Thread exited: 0x000001c587aa0130
Event: 16.361 Thread 0x000001c587aa1b70 Thread exited: 0x000001c587aa1b70
Event: 16.361 Thread 0x000001c587aa07c0 Thread exited: 0x000001c587aa07c0
Event: 16.679 Thread 0x000001c58d3e00d0 Thread exited: 0x000001c58d3e00d0
Event: 16.869 Thread 0x000001c58c0bf6c0 Thread added: 0x000001c587a9c620
Event: 16.869 Thread 0x000001c58c0bf6c0 Thread added: 0x000001c587aa0130
Event: 16.869 Thread 0x000001c58c0bf6c0 Thread added: 0x000001c587aa07c0
Event: 16.870 Thread 0x000001c58c0bf6c0 Thread added: 0x000001c587aa1b70
Event: 16.870 Thread 0x000001c58c0bf6c0 Thread added: 0x000001c587aa0e50
Event: 16.905 Thread 0x000001c587a9c620 Thread exited: 0x000001c587a9c620
Event: 16.905 Thread 0x000001c587aa1b70 Thread exited: 0x000001c587aa1b70
Event: 16.905 Thread 0x000001c587aa0130 Thread exited: 0x000001c587aa0130
Event: 16.905 Thread 0x000001c587aa07c0 Thread exited: 0x000001c587aa07c0
Event: 16.906 Thread 0x000001c587aa0e50 Thread exited: 0x000001c587aa0e50
Event: 17.411 Thread 0x000001c58d3dfa00 Thread exited: 0x000001c58d3dfa00
Event: 18.400 Thread 0x000001c52d5f54c0 Thread added: 0x000001c58d7cda50
Event: 18.584 Thread 0x000001c58d7cda50 Thread added: 0x000001c58d7911d0
Event: 19.761 Thread 0x000001c587a9ed80 Thread exited: 0x000001c587a9ed80


Dynamic libraries:
0x00007ff6d4cf0000 - 0x00007ff6d4cfe000 	c:\Users\vamsi\.vscode\extensions\redhat.java-1.53.0-win32-x64\jre\21.0.10-win32-x86_64\bin\java.exe
0x00007ffcab2a0000 - 0x00007ffcab507000 	C:\Windows\SYSTEM32\ntdll.dll
0x00007ffca9f20000 - 0x00007ffca9fe9000 	C:\Windows\System32\KERNEL32.DLL
0x00007ffca7cd0000 - 0x00007ffca80c1000 	C:\Windows\System32\KERNELBASE.dll
0x00007ffca7b80000 - 0x00007ffca7ccb000 	C:\Windows\System32\ucrtbase.dll
0x00007ffc97790000 - 0x00007ffc977a8000 	c:\Users\vamsi\.vscode\extensions\redhat.java-1.53.0-win32-x64\jre\21.0.10-win32-x86_64\bin\jli.dll
0x00007ffc976a0000 - 0x00007ffc976be000 	c:\Users\vamsi\.vscode\extensions\redhat.java-1.53.0-win32-x64\jre\21.0.10-win32-x86_64\bin\VCRUNTIME140.dll
0x00007ffca95d0000 - 0x00007ffca9795000 	C:\Windows\System32\USER32.dll
0x00007ffca8380000 - 0x00007ffca83a7000 	C:\Windows\System32\win32u.dll
0x00007ffcaaa20000 - 0x00007ffcaaa4b000 	C:\Windows\System32\GDI32.dll
0x00007ffca8da0000 - 0x00007ffca8ecb000 	C:\Windows\System32\gdi32full.dll
0x00007ffc91230000 - 0x00007ffc914c3000 	C:\Windows\WinSxS\amd64_microsoft.windows.common-controls_6595b64144ccf1df_6.0.26100.8037_none_3e092faae333b53b\COMCTL32.dll
0x00007ffca8f90000 - 0x00007ffca9033000 	C:\Windows\System32\msvcp_win.dll
0x00007ffcaaea0000 - 0x00007ffcaaf49000 	C:\Windows\System32\msvcrt.dll
0x00007ffca9050000 - 0x00007ffca9081000 	C:\Windows\System32\IMM32.DLL
0x00007ffc997d0000 - 0x00007ffc997dc000 	c:\Users\vamsi\.vscode\extensions\redhat.java-1.53.0-win32-x64\jre\21.0.10-win32-x86_64\bin\vcruntime140_1.dll
0x00007ffc5c010000 - 0x00007ffc5c09d000 	c:\Users\vamsi\.vscode\extensions\redhat.java-1.53.0-win32-x64\jre\21.0.10-win32-x86_64\bin\msvcp140.dll
0x00007ffbbc830000 - 0x00007ffbbd5d1000 	c:\Users\vamsi\.vscode\extensions\redhat.java-1.53.0-win32-x64\jre\21.0.10-win32-x86_64\bin\server\jvm.dll
0x00007ffcaa1f0000 - 0x00007ffcaa2ab000 	C:\Windows\System32\ADVAPI32.dll
0x00007ffcaa080000 - 0x00007ffcaa127000 	C:\Windows\System32\sechost.dll
0x00007ffca9e00000 - 0x00007ffca9f18000 	C:\Windows\System32\RPCRT4.dll
0x00007ffca97a0000 - 0x00007ffca9814000 	C:\Windows\System32\WS2_32.dll
0x00007ffca79e0000 - 0x00007ffca7a3e000 	C:\Windows\SYSTEM32\POWRPROF.dll
0x00007ffca0650000 - 0x00007ffca0685000 	C:\Windows\SYSTEM32\WINMM.dll
0x00007ffca06c0000 - 0x00007ffca06cb000 	C:\Windows\SYSTEM32\VERSION.dll
0x00007ffca79c0000 - 0x00007ffca79d4000 	C:\Windows\SYSTEM32\UMPDC.dll
0x00007ffca6870000 - 0x00007ffca688b000 	C:\Windows\SYSTEM32\kernel.appcore.dll
0x00007ffc993f0000 - 0x00007ffc993fa000 	c:\Users\vamsi\.vscode\extensions\redhat.java-1.53.0-win32-x64\jre\21.0.10-win32-x86_64\bin\jimage.dll
0x00007ffc914d0000 - 0x00007ffc91712000 	C:\Windows\SYSTEM32\DBGHELP.DLL
0x00007ffca91e0000 - 0x00007ffca9562000 	C:\Windows\System32\combase.dll
0x00007ffcaadc0000 - 0x00007ffcaae97000 	C:\Windows\System32\OLEAUT32.dll
0x00007ffc910c0000 - 0x00007ffc910fb000 	C:\Windows\SYSTEM32\dbgcore.DLL
0x00007ffca80d0000 - 0x00007ffca8175000 	C:\Windows\System32\bcryptPrimitives.dll
0x00007ffc993a0000 - 0x00007ffc993af000 	c:\Users\vamsi\.vscode\extensions\redhat.java-1.53.0-win32-x64\jre\21.0.10-win32-x86_64\bin\instrument.dll
0x00007ffc82e60000 - 0x00007ffc82e80000 	c:\Users\vamsi\.vscode\extensions\redhat.java-1.53.0-win32-x64\jre\21.0.10-win32-x86_64\bin\java.dll
0x00007ffcaa2b0000 - 0x00007ffcaaa0f000 	C:\Windows\System32\SHELL32.dll
0x00007ffca8180000 - 0x00007ffca82ea000 	C:\Windows\System32\wintypes.dll
0x00007ffca8530000 - 0x00007ffca8d94000 	C:\Windows\System32\windows.storage.dll
0x00007ffca9090000 - 0x00007ffca9187000 	C:\Windows\System32\SHCORE.dll
0x00007ffcaaf50000 - 0x00007ffcaafb7000 	C:\Windows\System32\shlwapi.dll
0x00007ffca7aa0000 - 0x00007ffca7ac9000 	C:\Windows\SYSTEM32\profapi.dll
0x00007ffc808f0000 - 0x00007ffc80908000 	c:\Users\vamsi\.vscode\extensions\redhat.java-1.53.0-win32-x64\jre\21.0.10-win32-x86_64\bin\zip.dll
0x00007ffc97a40000 - 0x00007ffc97a50000 	C:\Users\vamsi\.vscode\extensions\redhat.java-1.53.0-win32-x64\jre\21.0.10-win32-x86_64\bin\net.dll
0x00007ffc9fb30000 - 0x00007ffc9fc57000 	C:\Windows\SYSTEM32\WINHTTP.dll
0x00007ffca6e80000 - 0x00007ffca6eeb000 	C:\Windows\system32\mswsock.dll
0x00007ffc7f280000 - 0x00007ffc7f296000 	C:\Users\vamsi\.vscode\extensions\redhat.java-1.53.0-win32-x64\jre\21.0.10-win32-x86_64\bin\nio.dll
0x00007ffc97970000 - 0x00007ffc97980000 	c:\Users\vamsi\.vscode\extensions\redhat.java-1.53.0-win32-x64\jre\21.0.10-win32-x86_64\bin\verify.dll
0x00007ffc64f80000 - 0x00007ffc64fc5000 	C:\Users\vamsi\AppData\Roaming\Code\User\globalStorage\redhat.java\1.53.0\config_win\org.eclipse.equinox.launcher\org.eclipse.equinox.launcher.win32.win32.x86_64_1.3.0.v20260203-2149\eclipse_11919.dll
0x00007ffcab0c0000 - 0x00007ffcab255000 	C:\Windows\System32\ole32.dll
0x00007ffc99ae0000 - 0x00007ffc99aea000 	C:\Users\vamsi\.vscode\extensions\redhat.java-1.53.0-win32-x64\jre\21.0.10-win32-x86_64\bin\management.dll
0x00007ffc97e30000 - 0x00007ffc97e3c000 	C:\Users\vamsi\.vscode\extensions\redhat.java-1.53.0-win32-x64\jre\21.0.10-win32-x86_64\bin\management_ext.dll
0x00007ffcaa150000 - 0x00007ffcaa158000 	C:\Windows\System32\PSAPI.DLL
0x00007ffca7170000 - 0x00007ffca718b000 	C:\Windows\SYSTEM32\CRYPTSP.dll
0x00007ffca6890000 - 0x00007ffca68c9000 	C:\Windows\system32\rsaenh.dll
0x00007ffca6f30000 - 0x00007ffca6f62000 	C:\Windows\SYSTEM32\USERENV.dll
0x00007ffca7a70000 - 0x00007ffca7a9a000 	C:\Windows\SYSTEM32\bcrypt.dll
0x00007ffca7160000 - 0x00007ffca716c000 	C:\Windows\SYSTEM32\CRYPTBASE.dll
0x00007ffca62e0000 - 0x00007ffca6313000 	C:\Windows\SYSTEM32\IPHLPAPI.DLL
0x00007ffca9040000 - 0x00007ffca904a000 	C:\Windows\System32\NSI.dll
0x00007ffc5ba60000 - 0x00007ffc5baa9000 	C:\Users\vamsi\AppData\Local\Temp\jna-111973624\jna14905603798131311934.dll
0x00007ffca1fe0000 - 0x00007ffca1ffd000 	C:\Windows\SYSTEM32\dhcpcsvc6.DLL
0x00007ffca0690000 - 0x00007ffca06b3000 	C:\Windows\SYSTEM32\dhcpcsvc.DLL
0x00007ffc97780000 - 0x00007ffc9778e000 	C:\Users\vamsi\.vscode\extensions\redhat.java-1.53.0-win32-x64\jre\21.0.10-win32-x86_64\bin\sunmscapi.dll
0x00007ffca83b0000 - 0x00007ffca8527000 	C:\Windows\System32\CRYPT32.dll
0x00007ffca7380000 - 0x00007ffca73b0000 	C:\Windows\SYSTEM32\ncrypt.dll
0x00007ffca7330000 - 0x00007ffca736f000 	C:\Windows\SYSTEM32\NTASN1.dll
0x00007ffca6320000 - 0x00007ffca644a000 	C:\Windows\SYSTEM32\DNSAPI.dll
0x00007ffca06d0000 - 0x00007ffca06db000 	C:\Windows\System32\rasadhlp.dll
0x00007ffca2750000 - 0x00007ffca27d6000 	C:\Windows\System32\fwpuclnt.dll
0x00007ffc97390000 - 0x00007ffc97399000 	C:\Users\vamsi\.vscode\extensions\redhat.java-1.53.0-win32-x64\jre\21.0.10-win32-x86_64\bin\extnet.dll

JVMTI agents:
c:\Users\vamsi\.vscode\extensions\redhat.java-1.53.0-win32-x64\lombok\lombok-1.18.39-4050.jar path:c:\Users\vamsi\.vscode\extensions\redhat.java-1.53.0-win32-x64\jre\21.0.10-win32-x86_64\bin\instrument.dll, loaded, initialized, instrumentlib options:none

dbghelp: loaded successfully - version: 4.0.5 - missing functions: none
symbol engine: initialized successfully - sym options: 0x614 - pdb path: .;c:\Users\vamsi\.vscode\extensions\redhat.java-1.53.0-win32-x64\jre\21.0.10-win32-x86_64\bin;C:\Windows\SYSTEM32;C:\Windows\WinSxS\amd64_microsoft.windows.common-controls_6595b64144ccf1df_6.0.26100.8037_none_3e092faae333b53b;c:\Users\vamsi\.vscode\extensions\redhat.java-1.53.0-win32-x64\jre\21.0.10-win32-x86_64\bin\server;C:\Users\vamsi\AppData\Roaming\Code\User\globalStorage\redhat.java\1.53.0\config_win\org.eclipse.equinox.launcher\org.eclipse.equinox.launcher.win32.win32.x86_64_1.3.0.v20260203-2149;C:\Users\vamsi\AppData\Local\Temp\jna-111973624

VM Arguments:
jvm_args: --add-modules=ALL-SYSTEM --add-opens=java.base/java.util=ALL-UNNAMED --add-opens=java.base/java.lang=ALL-UNNAMED --add-opens=java.base/sun.nio.fs=ALL-UNNAMED -Declipse.application=org.eclipse.jdt.ls.core.id1 -Dosgi.bundles.defaultStartLevel=4 -Declipse.product=org.eclipse.jdt.ls.core.product -Djava.import.generatesMetadataFilesAtProjectRoot=false -DDetectVMInstallationsJob.disabled=true -Dfile.encoding=utf8 -XX:+UseParallelGC -XX:GCTimeRatio=4 -XX:AdaptiveSizePolicyWeight=90 -Dsun.zip.disableMemoryMapping=true -Xmx2G -Xms100m -Xlog:disable -javaagent:c:\Users\vamsi\.vscode\extensions\redhat.java-1.53.0-win32-x64\lombok\lombok-1.18.39-4050.jar -XX:+HeapDumpOnOutOfMemoryError -XX:HeapDumpPath=c:\Users\vamsi\AppData\Roaming\Code\User\workspaceStorage\8d7b0410b4232749a0f288e906df093d\redhat.java -Daether.dependencyCollector.impl=bf 
java_command: c:\Users\vamsi\.vscode\extensions\redhat.java-1.53.0-win32-x64\server\plugins\org.eclipse.equinox.launcher_1.7.100.v20251111-0406.jar -configuration c:\Users\vamsi\AppData\Roaming\Code\User\globalStorage\redhat.java\1.53.0\config_win -data c:\Users\vamsi\AppData\Roaming\Code\User\workspaceStorage\8d7b0410b4232749a0f288e906df093d\redhat.java\jdt_ws --pipe=\\.\pipe\lsp-6af9d2ae55432fead3edb3b25d72c928-sock
java_class_path (initial): c:\Users\vamsi\.vscode\extensions\redhat.java-1.53.0-win32-x64\server\plugins\org.eclipse.equinox.launcher_1.7.100.v20251111-0406.jar
Launcher Type: SUN_STANDARD

[Global flags]
    uintx AdaptiveSizePolicyWeight                 = 90                                        {product} {command line}
     intx CICompilerCount                          = 4                                         {product} {ergonomic}
    uintx GCTimeRatio                              = 4                                         {product} {command line}
     bool HeapDumpOnOutOfMemoryError               = true                                   {manageable} {command line}
    ccstr HeapDumpPath                             = c:\Users\vamsi\AppData\Roaming\Code\User\workspaceStorage\8d7b0410b4232749a0f288e906df093d\redhat.java         {manageable} {command line}
   size_t InitialHeapSize                          = 104857600                                 {product} {command line}
   size_t MaxHeapSize                              = 2147483648                                {product} {command line}
   size_t MaxNewSize                               = 715653120                                 {product} {ergonomic}
   size_t MinHeapDeltaBytes                        = 524288                                    {product} {ergonomic}
   size_t MinHeapSize                              = 104857600                                 {product} {command line}
   size_t NewSize                                  = 34603008                                  {product} {ergonomic}
    uintx NonNMethodCodeHeapSize                   = 5839372                                {pd product} {ergonomic}
    uintx NonProfiledCodeHeapSize                  = 122909434                              {pd product} {ergonomic}
   size_t OldSize                                  = 70254592                                  {product} {ergonomic}
     bool PerfDisableSharedMem                     = true                                      {product} {ergonomic}
    uintx ProfiledCodeHeapSize                     = 122909434                              {pd product} {ergonomic}
    uintx ReservedCodeCacheSize                    = 251658240                              {pd product} {ergonomic}
     bool SegmentedCodeCache                       = true                                      {product} {ergonomic}
   size_t SoftMaxHeapSize                          = 2147483648                             {manageable} {ergonomic}
     bool UseCompressedOops                        = true                           {product lp64_product} {ergonomic}
     bool UseLargePagesIndividualAllocation        = false                                  {pd product} {ergonomic}
     bool UseParallelGC                            = true                                      {product} {command line}

Logging:
Log output configuration:
 #0: stdout all=off uptime,level,tags foldmultilines=false
 #1: stderr all=off uptime,level,tags foldmultilines=false

Release file:
JAVA_VERSION="21.0.10" 
MODULES="java.base java.compiler java.datatransfer java.xml java.prefs java.desktop java.instrument java.logging java.management java.security.sasl java.naming java.rmi java.management.rmi java.net.http java.scripting java.security.jgss java.transaction.xa java.sql java.sql.rowset java.xml.crypto java.se java.smartcardio jdk.accessibility jdk.internal.jvmstat jdk.attach jdk.charsets jdk.internal.opt jdk.zipfs jdk.compiler jdk.crypto.ec jdk.crypto.cryptoki jdk.crypto.mscapi jdk.dynalink jdk.internal.ed jdk.editpad jdk.hotspot.agent jdk.httpserver jdk.internal.le jdk.internal.vm.ci jdk.internal.vm.compiler jdk.internal.vm.compiler.management jdk.jartool jdk.javadoc jdk.jcmd jdk.management jdk.management.agent jdk.jconsole jdk.jdeps jdk.jdwp.agent jdk.jdi jdk.jfr jdk.jshell jdk.jsobject jdk.jstatd jdk.localedata jdk.management.jfr jdk.naming.dns jdk.naming.rmi jdk.net jdk.nio.mapmode jdk.random jdk.sctp jdk.security.auth jdk.security.jgss jdk.unsupported jdk.unsupported.desktop jdk.xml.dom" 

Environment Variables:
PATH=C:\Users\vamsi\AppData\Local\Programs\Microsoft VS Code;C:\Program Files\Eclipse Adoptium\jdk-24.0.1.9-hotspot\bin;C:\Windows\system32;C:\Windows;C:\Windows\System32\Wbem;C:\Windows\System32\WindowsPowerShell\v1.0\;C:\Windows\System32\OpenSSH\;C:\MinGW\bin;C:\Program Files\Java\jdk-24\bin;C:\Program Files\Git\cmd;C:\Program Files\nodejs\;C:\Program Files\cursor\resources\app\bin;C:\Program Files\dotnet\;C:\Users\vamsi\AppData\Local\Programs\Python\Python313\Scripts\;C:\Users\vamsi\AppData\Local\Programs\Python\Python313\;C:\Users\vamsi\AppData\Local\Microsoft\WindowsApps;C:\Users\vamsi\AppData\Local\Programs\Microsoft VS Code\bin;C:\MinGW\bin;C:\Users\vamsi\AppData\Roaming\npm;C:\Users\vamsi\AppData\Local\Programs\Antigravity\bin;C:\Users\vamsi\AppData\Local\Programs\cursor\resources\app\bin
USERNAME=vamsi
OS=Windows_NT
PROCESSOR_IDENTIFIER=Intel64 Family 6 Model 186 Stepping 3, GenuineIntel
TMP=C:\Users\vamsi\AppData\Local\Temp
TEMP=C:\Users\vamsi\AppData\Local\Temp




Periodic native trim disabled

---------------  S Y S T E M  ---------------

OS:
 Windows 11 , 64 bit Build 26100 (10.0.26100.7920)
OS uptime: 1 days 4:38 hours
Hyper-V role detected

CPU: total 12 (initial active 12) (6 cores per cpu, 2 threads per core) family 6 model 186 stepping 3 microcode 0x411f, cx8, cmov, fxsr, ht, mmx, 3dnowpref, sse, sse2, sse3, ssse3, sse4.1, sse4.2, popcnt, lzcnt, tsc, tscinvbit, avx, avx2, aes, erms, clmul, bmi1, bmi2, adx, sha, fma, vzeroupper, clflush, clflushopt, clwb, hv, serialize, rdtscp, rdpid, fsrm, f16c, cet_ibt, cet_ss
Processor Information for processor 0
  Max Mhz: 1700, Current Mhz: 1700, Mhz Limit: 1700
Processor Information for processor 1
  Max Mhz: 1700, Current Mhz: 1700, Mhz Limit: 1700
Processor Information for processor 2
  Max Mhz: 1700, Current Mhz: 1700, Mhz Limit: 1700
Processor Information for processor 3
  Max Mhz: 1700, Current Mhz: 1700, Mhz Limit: 1700
Processor Information for processor 4
  Max Mhz: 1700, Current Mhz: 1200, Mhz Limit: 1190
Processor Information for processor 5
  Max Mhz: 1700, Current Mhz: 1200, Mhz Limit: 1190
Processor Information for processor 6
  Max Mhz: 1700, Current Mhz: 1200, Mhz Limit: 1190
Processor Information for processor 7
  Max Mhz: 1700, Current Mhz: 1200, Mhz Limit: 1190
Processor Information for processor 8
  Max Mhz: 1700, Current Mhz: 1200, Mhz Limit: 1190
Processor Information for processor 9
  Max Mhz: 1700, Current Mhz: 1200, Mhz Limit: 1190
Processor Information for processor 10
  Max Mhz: 1700, Current Mhz: 1200, Mhz Limit: 1190
Processor Information for processor 11
  Max Mhz: 1700, Current Mhz: 1200, Mhz Limit: 1190

Memory: 4k page, system-wide physical 16067M (2470M free)
TotalPageFile size 16067M (AvailPageFile size 6M)
current process WorkingSet (physical memory assigned to process): 282M, peak: 283M
current process commit charge ("private bytes"): 362M, peak: 368M

vm_info: OpenJDK 64-Bit Server VM (21.0.10+7-LTS) for windows-amd64 JRE (21.0.10+7-LTS), built on 2026-01-20T00:00:00Z by "admin" with MS VC++ 17.12 (VS2022)

END.
